<?xml version="1.0" encoding="UTF-8"?>
<!-- Generated by org.testng.reporters.JUnitReportReporter -->
<testsuite hostname="chinniraja" failures="0" tests="1" name="testScripts.SignInValidation_Script" time="7.301" errors="0" timestamp="2021-02-11T11:18:24 EST" skipped="0">
  <testcase classname="testScripts.SignInValidation_Script" name="NavigateToSignInPage" time="7.301"/>
  <system-out/>
</testsuite> <!-- testScripts.SignInValidation_Script -->
