<?xml version="1.0" encoding="UTF-8"?>
<!-- Generated by org.testng.reporters.JUnitReportReporter -->
<testsuite hostname="chinniraja" failures="0" tests="1" name="testScripts.newToursSignInValidation_Script" time="7.092" errors="0" timestamp="2021-02-16T15:30:11 EST" skipped="0">
  <testcase classname="testScripts.newToursSignInValidation_Script" name="SignIn" time="7.092"/>
  <system-out/>
</testsuite> <!-- testScripts.newToursSignInValidation_Script -->
