<?xml version="1.0" encoding="UTF-8"?>
<!-- Generated by org.testng.reporters.JUnitReportReporter -->
<testsuite hostname="chinniraja" failures="0" tests="1" name="testScripts.newToursSignInValidation_FindBy_Script" time="4.026" errors="0" timestamp="2021-02-14T08:34:57 EST" skipped="0">
  <testcase classname="testScripts.newToursSignInValidation_FindBy_Script" name="SignIn" time="4.026"/>
  <system-out/>
</testsuite> <!-- testScripts.newToursSignInValidation_FindBy_Script -->
