<?xml version="1.0" encoding="UTF-8"?>
<!-- Generated by org.testng.reporters.JUnitReportReporter -->
<testsuite hostname="chinniraja" failures="0" tests="2" name="example.NewTest" time="6.027" errors="0" timestamp="2021-01-28T10:06:58 EST" skipped="0">
  <testcase classname="example.NewTest" name="test1" time="1.913"/>
  <system-out/>
  <testcase classname="example.NewTest" name="testEasy" time="4.114"/>
  <system-out/>
</testsuite> <!-- example.NewTest -->
