<?xml version="1.0" encoding="UTF-8"?>
<!-- Generated by org.testng.reporters.JUnitReportReporter -->
<testsuite hostname="chinniraja" failures="0" tests="1" name="testScripts.newToursSignInValidation_Script" time="2.986" errors="0" timestamp="2021-02-17T13:07:45 EST" skipped="0">
  <testcase classname="testScripts.newToursSignInValidation_Script" name="SignIn" time="2.986"/>
  <system-out/>
</testsuite> <!-- testScripts.newToursSignInValidation_Script -->
